<?xml version="1.0" encoding="UTF-8"?>
<testng-results ignored="0" total="1" passed="1" failed="0" skipped="0">
  <reporter-output>
  </reporter-output>
  <suite started-at="2023-12-07T14:15:16 CET" name="Surefire suite" finished-at="2023-12-07T14:15:32 CET" duration-ms="15687">
    <groups>
    </groups>
    <test started-at="2023-12-07T14:15:16 CET" name="Surefire test" finished-at="2023-12-07T14:15:32 CET" duration-ms="15687">
      <class name="TestSelenium.SeleniumMavenTest">
        <test-method signature="ejecutarTest()[pri:0, instance:TestSelenium.SeleniumMavenTest@79ca92b9]" started-at="2023-12-07T14:15:16 CET" name="ejecutarTest" finished-at="2023-12-07T14:15:32 CET" duration-ms="15649" status="PASS">
          <reporter-output>
          </reporter-output>
        </test-method> <!-- ejecutarTest -->
      </class> <!-- TestSelenium.SeleniumMavenTest -->
    </test> <!-- Surefire test -->
  </suite> <!-- Surefire suite -->
</testng-results>
